Fetching tweets from twitter handle: @SnShines
Parsing fetched html page to find today's tweets...
Found 1 tweets tweeted on 2015-12-30 (today)
Making DayOne entry...
goint to try block............
1
2
echo "asdfasdf" | dayone new
3
Opening DayOne app as a reminder to make a manual entry...
Fetching tweets from twitter handle: @SnShines
Parsing fetched html page to find today's tweets...
Found 1 tweets tweeted on 2015-12-30 (today)
Making DayOne entry...
goint to try block............
1
2
echo "asdfasdf" | dayone new
3
Opening DayOne app as a reminder to make a manual entry...
Fetching tweets from twitter handle: @SnShines
Parsing fetched html page to find today's tweets...
Found 1 tweets tweeted on 2015-12-30 (today)
Making DayOne entry...
goint to try block............
1
2
echo "asdfasdf" | dayone new
3
Opening DayOne app as a reminder to make a manual entry...
Fetching tweets from twitter handle: @SnShines
Parsing fetched html page to find today's tweets...
Found 1 tweets tweeted on 2015-12-30 (today)
Making DayOne entry...
goint to try block............
1
2
echo "asdfasdf" | dayone new
3
Opening DayOne app as a reminder to make a manual entry...
Fetching tweets from twitter handle: @SnShines
Parsing fetched html page to find today's tweets...
Found 1 tweets tweeted on 2015-12-30 (today)
Making DayOne entry...
goint to try block............
1
2
echo "asdfasdf" | dayone new
3
Opening DayOne app as a reminder to make a manual entry...
Fetching tweets from twitter handle: @SnShines
Parsing fetched html page to find today's tweets...
Found 1 tweets tweeted on 2015-12-30 (today)
Making DayOne entry...
goint to try block............
1
2
echo "asdfasdf" | dayone new
3
Opening DayOne app as a reminder to make a manual entry...
Fetching tweets from twitter handle: @SnShines
Parsing fetched html page to find today's tweets...
Found 1 tweets tweeted on 2015-12-30 (today)
Making DayOne entry...
goint to try block............
1
2
echo "asdfasdf" | dayone new
3
Opening DayOne app as a reminder to make a manual entry...
