Fetching tweets from twitter handle: @SnShines
Parsing fetched html page to find today's tweets...
You haven't tweeted yet!
Opening DayOne app as a reminder to make a manual entry...
2016-01-06 00-18-00
Fetching tweets from twitter handle: @SnShines
You haven't tweeted yet!
Opening DayOne app as a reminder to make a manual entry...
New entry : ~/Library/Mobile Documents/5U8NS4GX82~com~dayoneapp~dayone/Documents/Journal_dayone/entries/78014F029442472E9A07DDA9080A4A9D.doentry
2016-01-06 10-27-25
Fetching tweets from twitter handle: @SnShines
Found 2 tweets tweeted on 2016-01-06 (today)
Making DayOne entry...
Opening DayOne app as a reminder to make a manual entry...
New entry : ~/Library/Mobile Documents/5U8NS4GX82~com~dayoneapp~dayone/Documents/Journal_dayone/entries/3DA2B1808BCA4CCBAA8F0B85A75CFEC0.doentry


2016-01-06 23-10-00
Fetching tweets from twitter handle: @SnShines
Found 3 tweets tweeted on 2016-01-06 (today)
Making DayOne entry...
Opening DayOne app as a reminder to make a manual entry...
New entry : ~/Library/Mobile Documents/5U8NS4GX82~com~dayoneapp~dayone/Documents/Journal_dayone/entries/7CC18F3C8AEA458C8FF1C5C0FEDF34E7.doentry


2016-01-07 23:55:06
Fetching tweets from twitter handle: @SnShines
Found 2 tweets tweeted on 2016-01-07 (today)
Making DayOne entry...
Opening DayOne app as a reminder to make a manual entry...
Today's tweets
[19:26:16] - https://twitter.com/SnShines/status/685460012114706432

<p class=TweetTextSize TweetTextSize--26px js-tweet-text tweet-text data-aria-label-part=0 lang=en>So, <a class=twitter-hashtag pretty-link js-nav data-query-source=hashtag_click dir=ltr href=/hashtag/KatyPerry?src=hash><s>#</s><b>KatyPerry</b></a> is popular than <a class=twitter-hashtag pretty-link js-nav data-query-source=hashtag_click dir=ltr href=/hashtag/jayz?src=hash><s>#</s><b>jayz</b></a>
<a class=twitter-timeline-link data-expanded-url=https://www.google.co.in/trends/explore#q=%2Fm%2F03y82t6%2C%20%2Fm%2F01vw20h
New entry : ~/Library/Mobile Documents/5U8NS4GX82~com~dayoneapp~dayone/Documents/Journal_dayone/entries/A9E52CE8FF064233AC2E065DB5876C27.doentry


2016-01-08 23:55:00
Fetching tweets from twitter handle: @SnShines
Found 2 tweets tweeted on 2016-01-08 (today)
Making DayOne entry...
Opening DayOne app as a reminder to make a manual entry...
New entry : ~/Library/Mobile Documents/5U8NS4GX82~com~dayoneapp~dayone/Documents/Journal_dayone/entries/16207E32A7574270A385A1F048047A43.doentry


2016-01-09 00:06:19
Fetching tweets from twitter handle: @SnShines
Found 1 tweets tweeted on 2016-01-09 (today)
Making DayOne entry...
Opening DayOne app as a reminder to make a manual entry...
Today's tweets
[12:30:16] - https://twitter.com/SnShines/status/685717708709609472

<p class=TweetTextSize TweetTextSize--26px js-tweet-text tweet-text data-aria-label-part=0 lang=en>so, that's <a class=twitter-hashtag pretty-link js-nav data-query-source=hashtag_click dir=ltr href=/hashtag/python?src=hash><s>#</s><b>python</b></a> vs <a class=twitter-hashtag pretty-link js-nav data-query-source=hashtag_click dir=ltr href=/hashtag/javascript?src=hash><s>#</s><b>javascript</b></a>
<a class=twitter-timeline-link data-expanded-url=http://www.google.com/trends/fetchComponent?hl=en-US
New entry : ~/Library/Mobile Documents/5U8NS4GX82~com~dayoneapp~dayone/Documents/Journal_dayone/entries/86CDEF9027464BB59AF3AFB5FC5CDBD1.doentry


2016-01-09 23:55:00
Fetching tweets from twitter handle: @SnShines
Found 3 tweets tweeted on 2016-01-09 (today)
Making DayOne entry...
Opening DayOne app as a reminder to make a manual entry...
New entry : ~/Library/Mobile Documents/5U8NS4GX82~com~dayoneapp~dayone/Documents/Journal_dayone/entries/87D7FE6708C6431886FE4DCBE6001054.doentry


2016-01-12 23:55:00
Fetching tweets from twitter handle: @SnShines
Found 7 tweets tweeted on 2016-01-12 (today)
Making DayOne entry...
Opening DayOne app as a reminder to make a manual entry...
New entry : ~/Library/Mobile Documents/5U8NS4GX82~com~dayoneapp~dayone/Documents/Journal_dayone/entries/FC33044372EC4EEF87A32CF910E67145.doentry


2016-01-13 23:55:00
Fetching tweets from twitter handle: @SnShines
Found 3 tweets tweeted on 2016-01-13 (today)
Making DayOne entry...
Opening DayOne app as a reminder to make a manual entry...


2016-01-15 00:04:30
Fetching tweets from twitter handle: @SnShines
You haven't tweeted yet!
Opening DayOne app as a reminder to make a manual entry...
New entry : ~/Library/Mobile Documents/5U8NS4GX82~com~dayoneapp~dayone/Documents/Journal_dayone/entries/30A7D0E2A05546B98F327894BAF20BE2.doentry


2016-01-15 23:55:00
Fetching tweets from twitter handle: @SnShines
Found 1 tweets tweeted on 2016-01-15 (today)
Making DayOne entry...
Opening DayOne app as a reminder to make a manual entry...
New entry : ~/Library/Mobile Documents/5U8NS4GX82~com~dayoneapp~dayone/Documents/Journal_dayone/entries/8A63CC2EE9C74BB68678E4B379EAA66E.doentry


2016-01-16 23:55:01
Fetching tweets from twitter handle: @SnShines
Found 1 tweets tweeted on 2016-01-16 (today)
Making DayOne entry...
Opening DayOne app as a reminder to make a manual entry...
New entry : ~/Library/Mobile Documents/5U8NS4GX82~com~dayoneapp~dayone/Documents/Journal_dayone/entries/ADEAD3D0770E4DB2A59C69714581BD6A.doentry


2016-01-18 23:55:00
Fetching tweets from twitter handle: @SnShines
Found 1 tweets tweeted on 2016-01-18 (today)
Making DayOne entry...
Opening DayOne app as a reminder to make a manual entry...


2016-01-19 23:55:24
Fetching tweets from twitter handle: @SnShines
New entry : ~/Library/Mobile Documents/5U8NS4GX82~com~dayoneapp~dayone/Documents/Journal_dayone/entries/7691B82274734A1DBD5D6D55AA50C36A.doentry


2016-01-20 23:55:00
Fetching tweets from twitter handle: @SnShines
Found 1 tweets tweeted on 2016-01-20 (today)
Making DayOne entry...
Opening DayOne app as a reminder to make a manual entry...


2016-01-21 23:55:00
Fetching tweets from twitter handle: @SnShines
You haven't tweeted yet!
Opening DayOne app as a reminder to make a manual entry...


2016-01-23 00:00:07
Fetching tweets from twitter handle: @SnShines


2016-01-23 23:55:00
Fetching tweets from twitter handle: @SnShines
You haven't tweeted yet!
Opening DayOne app as a reminder to make a manual entry...


2016-01-25 23:55:06
Fetching tweets from twitter handle: @SnShines
You haven't tweeted yet!
Opening DayOne app as a reminder to make a manual entry...
New entry : ~/Library/Mobile Documents/5U8NS4GX82~com~dayoneapp~dayone/Documents/Journal_dayone/entries/11B83FC452F54656B3044694A54DCEED.doentry


2016-01-27 23:55:00
Fetching tweets from twitter handle: @SnShines
Found 1 tweets tweeted on 2016-01-27 (today)
Making DayOne entry...
Opening DayOne app as a reminder to make a manual entry...


2016-03-29 23:59:06
Fetching tweets from twitter handle: @SnShines
You haven't tweeted yet!
Opening DayOne app as a reminder to make a manual entry...
Today's tweets
[12:32:53] - https://twitter.com/SnShines/status/715434172311965696

<p class=TweetTextSize TweetTextSize--26px js-tweet-text tweet-text data-aria-label-part=0 lang=en>Microsoft to bring Bash shell to Windows
<a class=twitter-timeline-link data-expanded-url=http://goo.gl/ycp9ol dir=ltr href=https://t.co/5mnVi3vzlP rel=nofollow target=_blank title=http://goo.gl/ycp9ol><span class=tco-ellipsis></span><span class=invisible>http://</span><span class=js-display-url>goo.gl/ycp9ol</span><span class=invisible></span><span class=tco-ellipsis><span class=invisible> </span></span></a>
-via <a class=twitter-atreply pretty-link js-nav data-mentioned-user-id=1369761469 dir=ltr href=/inshorts><s>@</s><b>inshorts</b></a></p>
<hr>
[20:20:23] - https://twitter.com/SnShines/status/715551822115516416

<p class=TweetTextSize TweetTextSize--26px js-tweet-text tweet-text data-aria-label-part=0 lang=en>Business: What's the craziest excuse you have had a employee tell you showing up late to..That first comment, though
<a class=twitter-timeline-link data-expanded-url=https://www.quora.com/Business-Whats-the-craziest-excuse-you-have-had-a-employee-coworker-tell-you-showing-up-late-to-work/answer/John-Brittigan?srid=td46
New entry : ~/Library/Mobile Documents/5U8NS4GX82~com~dayoneapp~dayone/Documents/Journal_dayone/entries/EA98D4D733BE47B8B0916C50EDFA8062.doentry


2016-03-31 23:59:03
Fetching tweets from twitter handle: @SnShines
Found 2 tweets tweeted on 2016-03-31 (today)
Making DayOne entry...
Opening DayOne app as a reminder to make a manual entry...


2016-04-01 23:59:06
Fetching tweets from twitter handle: @SnShines
You haven't tweeted yet!
Opening DayOne app as a reminder to make a manual entry...


2016-04-02 23:59:06
Fetching tweets from twitter handle: @SnShines
You haven't tweeted yet!
Opening DayOne app as a reminder to make a manual entry...


2016-04-04 23:59:00
Fetching tweets from twitter handle: @SnShines
You haven't tweeted yet!
Opening DayOne app as a reminder to make a manual entry...


2016-04-05 23:59:00
Fetching tweets from twitter handle: @SnShines
You haven't tweeted yet!
Opening DayOne app as a reminder to make a manual entry...
New entry : ~/Library/Mobile Documents/5U8NS4GX82~com~dayoneapp~dayone/Documents/Journal_dayone/entries/4435327DAF4E4B16BFB6DA80F13FD9BC.doentry


2016-04-06 23:59:00
Fetching tweets from twitter handle: @SnShines
Found 2 tweets tweeted on 2016-04-06 (today)
Making DayOne entry...
Opening DayOne app as a reminder to make a manual entry...


2016-04-08 00:08:15
Fetching tweets from twitter handle: @SnShines
You haven't tweeted yet!
Opening DayOne app as a reminder to make a manual entry...
Today's tweets
[11:46:59] - https://twitter.com/SnShines/status/718321723473588224

<p class=TweetTextSize TweetTextSize--26px js-tweet-text tweet-text data-aria-label-part=0 lang=en>We need to step up our game. Hindu god vs. Greek god, maybe?
Who would win in a battle between Hanuman and Superman? <a class=twitter-timeline-link data-expanded-url=https://www.quora.com/Who-would-win-in-a-battle-between-Hanuman-and-Superman/answer/Brijesh-Chandrakar?srid=td46
New entry : ~/Library/Mobile Documents/5U8NS4GX82~com~dayoneapp~dayone/Documents/Journal_dayone/entries/8DC2FEDA9F734CD7A06A040F5D46CA8C.doentry


2016-04-08 23:59:00
Fetching tweets from twitter handle: @SnShines
Found 1 tweets tweeted on 2016-04-08 (today)
Making DayOne entry...
Opening DayOne app as a reminder to make a manual entry...


2016-04-09 23:59:06
Fetching tweets from twitter handle: @SnShines
You haven't tweeted yet!
Opening DayOne app as a reminder to make a manual entry...


2016-04-10 23:59:00
Fetching tweets from twitter handle: @SnShines
You haven't tweeted yet!
Opening DayOne app as a reminder to make a manual entry...
New entry : ~/Library/Mobile Documents/5U8NS4GX82~com~dayoneapp~dayone/Documents/Journal_dayone/entries/C0DC01C8373842CD8EBADADC6988C3EC.doentry


2016-04-11 23:59:00
Fetching tweets from twitter handle: @SnShines
Found 1 tweets tweeted on 2016-04-11 (today)
Making DayOne entry...
Opening DayOne app as a reminder to make a manual entry...


2016-04-12 23:59:00
Fetching tweets from twitter handle: @SnShines
You haven't tweeted yet!
Opening DayOne app as a reminder to make a manual entry...


2016-04-13 23:59:00
Fetching tweets from twitter handle: @SnShines
You haven't tweeted yet!
Opening DayOne app as a reminder to make a manual entry...


2016-04-15 00:15:41
Fetching tweets from twitter handle: @SnShines


2016-04-16 01:10:14
Fetching tweets from twitter handle: @SnShines


2016-04-17 01:00:21
Fetching tweets from twitter handle: @SnShines


2016-04-18 01:53:43
Fetching tweets from twitter handle: @SnShines


2016-04-18 23:59:06
Fetching tweets from twitter handle: @SnShines


2016-04-21 23:59:06
Fetching tweets from twitter handle: @SnShines
You haven't tweeted yet!
Opening DayOne app as a reminder to make a manual entry...
New entry : ~/Library/Mobile Documents/5U8NS4GX82~com~dayoneapp~dayone/Documents/Journal_dayone/entries/CAB48689255F469993D4BDD927701105.doentry


2016-04-22 23:59:00
Fetching tweets from twitter handle: @SnShines
Found 1 tweets tweeted on 2016-04-22 (today)
Making DayOne entry...
Opening DayOne app as a reminder to make a manual entry...
New entry : ~/Library/Mobile Documents/5U8NS4GX82~com~dayoneapp~dayone/Documents/Journal_dayone/entries/78F631D324ED4ACB85E59420C10B4CC1.doentry


2016-04-23 23:59:00
Fetching tweets from twitter handle: @SnShines
Found 2 tweets tweeted on 2016-04-23 (today)
Making DayOne entry...
Opening DayOne app as a reminder to make a manual entry...


2016-04-25 23:59:00
Fetching tweets from twitter handle: @SnShines
You haven't tweeted yet!
Opening DayOne app as a reminder to make a manual entry...


2016-04-26 23:59:06
Fetching tweets from twitter handle: @SnShines
You haven't tweeted yet!
Opening DayOne app as a reminder to make a manual entry...


2016-04-28 23:59:06
Fetching tweets from twitter handle: @SnShines
You haven't tweeted yet!
Opening DayOne app as a reminder to make a manual entry...


2016-04-29 23:59:06
Fetching tweets from twitter handle: @SnShines
You haven't tweeted yet!
Opening DayOne app as a reminder to make a manual entry...


2016-04-30 23:59:01
Fetching tweets from twitter handle: @SnShines
You haven't tweeted yet!
Opening DayOne app as a reminder to make a manual entry...


2016-05-01 23:59:00
Fetching tweets from twitter handle: @SnShines
You haven't tweeted yet!
Opening DayOne app as a reminder to make a manual entry...


2016-05-04 23:59:00
Fetching tweets from twitter handle: @SnShines
You haven't tweeted yet!
Opening DayOne app as a reminder to make a manual entry...


2016-05-05 23:59:00
Fetching tweets from twitter handle: @SnShines
You haven't tweeted yet!
Opening DayOne app as a reminder to make a manual entry...


2016-05-06 23:59:00
Fetching tweets from twitter handle: @SnShines
You haven't tweeted yet!
Opening DayOne app as a reminder to make a manual entry...


2016-05-07 23:59:00
Fetching tweets from twitter handle: @SnShines
You haven't tweeted yet!
Opening DayOne app as a reminder to make a manual entry...


2016-05-08 23:59:06
Fetching tweets from twitter handle: @SnShines


2016-05-09 23:59:00
Fetching tweets from twitter handle: @SnShines
You haven't tweeted yet!
Opening DayOne app as a reminder to make a manual entry...


2016-05-10 23:59:00
Fetching tweets from twitter handle: @SnShines
You haven't tweeted yet!
Opening DayOne app as a reminder to make a manual entry...


2016-05-12 00:02:28
Fetching tweets from twitter handle: @SnShines


2016-05-12 23:59:05
Fetching tweets from twitter handle: @SnShines
You haven't tweeted yet!
Opening DayOne app as a reminder to make a manual entry...


2016-05-14 00:42:18
Fetching tweets from twitter handle: @SnShines
You haven't tweeted yet!
Opening DayOne app as a reminder to make a manual entry...


2016-05-14 23:59:00
Fetching tweets from twitter handle: @SnShines
You haven't tweeted yet!
Opening DayOne app as a reminder to make a manual entry...


2016-05-15 23:59:00
Fetching tweets from twitter handle: @SnShines
You haven't tweeted yet!
Opening DayOne app as a reminder to make a manual entry...


2016-05-16 23:59:00
Fetching tweets from twitter handle: @SnShines
You haven't tweeted yet!
Opening DayOne app as a reminder to make a manual entry...


2016-05-17 23:59:00
Fetching tweets from twitter handle: @SnShines
You haven't tweeted yet!
Opening DayOne app as a reminder to make a manual entry...


2016-05-18 23:59:00
Fetching tweets from twitter handle: @SnShines
You haven't tweeted yet!
Opening DayOne app as a reminder to make a manual entry...


2016-05-19 23:59:03
Fetching tweets from twitter handle: @SnShines
You haven't tweeted yet!
Opening DayOne app as a reminder to make a manual entry...


2016-05-20 23:59:00
Fetching tweets from twitter handle: @SnShines
You haven't tweeted yet!
Opening DayOne app as a reminder to make a manual entry...


2016-05-21 23:59:00
Fetching tweets from twitter handle: @SnShines
You haven't tweeted yet!
Opening DayOne app as a reminder to make a manual entry...


2016-05-23 23:59:00
Fetching tweets from twitter handle: @SnShines
You haven't tweeted yet!
Opening DayOne app as a reminder to make a manual entry...


2016-05-24 23:59:00
Fetching tweets from twitter handle: @SnShines
You haven't tweeted yet!
Opening DayOne app as a reminder to make a manual entry...


2016-05-26 00:24:48
Fetching tweets from twitter handle: @SnShines


2016-05-27 00:39:43
Fetching tweets from twitter handle: @SnShines


2016-05-28 00:21:11
Fetching tweets from twitter handle: @SnShines


2016-05-28 23:59:00
Fetching tweets from twitter handle: @SnShines
You haven't tweeted yet!
Opening DayOne app as a reminder to make a manual entry...


2016-05-29 23:59:00
Fetching tweets from twitter handle: @SnShines
You haven't tweeted yet!
Opening DayOne app as a reminder to make a manual entry...


2016-05-30 23:59:00
Fetching tweets from twitter handle: @SnShines
You haven't tweeted yet!
Opening DayOne app as a reminder to make a manual entry...


2016-06-01 00:09:53
Fetching tweets from twitter handle: @SnShines


2016-06-02 01:39:47
Fetching tweets from twitter handle: @SnShines


2016-06-02 23:59:06
Fetching tweets from twitter handle: @SnShines
You haven't tweeted yet!
Opening DayOne app as a reminder to make a manual entry...


2016-06-07 23:59:06
Fetching tweets from twitter handle: @SnShines
You haven't tweeted yet!
Opening DayOne app as a reminder to make a manual entry...


2016-06-08 23:59:06
Fetching tweets from twitter handle: @SnShines
You haven't tweeted yet!
Opening DayOne app as a reminder to make a manual entry...


2016-06-09 23:59:04
Fetching tweets from twitter handle: @SnShines
You haven't tweeted yet!
Opening DayOne app as a reminder to make a manual entry...


2016-06-11 00:32:20
Fetching tweets from twitter handle: @SnShines


2016-06-11 23:59:00
Fetching tweets from twitter handle: @SnShines
You haven't tweeted yet!
Opening DayOne app as a reminder to make a manual entry...


2016-06-13 23:59:00
Fetching tweets from twitter handle: @SnShines
You haven't tweeted yet!
Opening DayOne app as a reminder to make a manual entry...


2016-06-14 23:59:59
Fetching tweets from twitter handle: @SnShines
You haven't tweeted yet!
Opening DayOne app as a reminder to make a manual entry...


2016-06-16 00:01:15
Fetching tweets from twitter handle: @SnShines
You haven't tweeted yet!
Opening DayOne app as a reminder to make a manual entry...


2016-06-16 23:59:06
Fetching tweets from twitter handle: @SnShines
You haven't tweeted yet!
Opening DayOne app as a reminder to make a manual entry...


2016-06-17 23:59:00
Fetching tweets from twitter handle: @SnShines
You haven't tweeted yet!
Opening DayOne app as a reminder to make a manual entry...
